WARNING: CUDA not available — training on CPU. Expect ~15-25 min per seed.

=================================================================
Selected config 9 (multi-seed sweep winner)
  hidden_dims  : [64, 32]
  dropout      : 0.1
  weight_decay : 1e-05
  single-seed val balacc  : 0.6155
  single-seed test balacc : 0.5353
=================================================================

Loading features...
Loading splits...
Carving validation set (GroupShuffleSplit 80/20 by lesion_id)...
  train_final :  6429 images
  val         :  1591 images
  test        :  1995 images
Standardising (z-score, fit on train_final)...
  Class weights (balanced): {'akiec': np.float64(4.353), 'bcc': np.float64(2.766), 'bkl': np.float64(1.339), 'df': np.float64(12.085), 'mel': np.float64(1.262), 'nv': np.float64(0.213), 'vasc': np.float64(10.093)}

=================================================================
NAM v6 final training — 1 seeds
  Winning config: hidden=[64, 32], dropout=0.1, wd=1e-05
  lr=0.001 (ReduceLROnPlateau patience=5 factor=0.5)
  batch=256  max_epochs=100  patience=15
  class_weight='balanced'
  concurvity_lambda=1.0  sparsity_lambda=0.01  proximal_sparsity=True
=================================================================

-- Seed 42 ---------------------------------------------
  Epoch  10 | train_loss=1.3523 val_loss=1.2044 val_balacc=0.5692 lr=1.00e-03 | R_perp=0.1142 R_sparse=175.639869
  Epoch  20 | train_loss=1.2978 val_loss=1.2228 val_balacc=0.5821 lr=1.00e-03 | R_perp=0.1094 R_sparse=175.415270
  Epoch  30 | train_loss=1.2484 val_loss=1.1912 val_balacc=0.5999 lr=5.00e-04 | R_perp=0.1025 R_sparse=175.661083
  Epoch  40 | train_loss=1.2102 val_loss=1.1956 val_balacc=0.5980 lr=1.25e-04 | R_perp=0.1012 R_sparse=175.868645
  Early stop at epoch 42 (best epoch 27, val_balacc=0.6149)
  Feature selection: 24/24 concepts active (group_norm >= 0.0001)
  Test  bal_acc=0.5317  macro_f1=0.4065  AUC=0.8442  R_perp_val@best=0.1282  R_sparse@best=175.559590

==== NAM v6 Final Training (BiomedCLIP v6 features, 24 concepts) ====

Sweep winner: config 9
  hidden_dims  : [64, 32]
  dropout      : 0.1
  weight_decay : 1e-05
  sweep val balacc (seed 42) : 0.6155

Trained 1 seeds with fixed lr=0.001, batch=256,
  max_epochs=100, patience=15,
  ReduceLROnPlateau(patience=5, factor=0.5)

Regularization:
  Objective: L_total = L_task + 1.0 * R_perp + 0.01 * R_sparse
  Concurvity (Siems et al. 2023, arXiv:2305.11475, NeurIPS 2023):
    lambda_concurvity = 1.0
    R_perp = (1/K) * sum_k  mean_{i<j} |Corr(f_{i,k}(X_i), f_{j,k}(X_j))|
    (multiclass avg over K=7 classes; Pearson corr over batch dim)
  Group LASSO sparsity (Xu et al. 2022, arXiv:2202.12482, ICLR 2022):
    lambda_sparsity = 0.01
    R_sparse = sum_{i=1}^{p} ||theta_i||_2  (L2 norm of each sub-network group)
    zero_threshold = 0.0001
    Sparsity method: proximal gradient descent — exact group zeroing (Xu et al. 2022)

Test-set results (mean +/- std across seeds):
  Balanced accuracy            : 0.5317 +/- nan
  Macro F1                     : 0.4065 +/- nan
  Weighted F1                  : 0.6176 +/- nan
  Top-1 accuracy               : 0.5724 +/- nan
  Multiclass AUC (OvR weighted): 0.8442 +/- nan

Regularization diagnostics (at best-val epoch, mean +/- std across seeds):
  R_perp val   : 0.1282 +/- nan
  R_perp train : 0.1049 +/- nan
  R_sparse train: 175.559590 +/- nan

Three-way comparison:
  vs v6 LR baseline  (0.555): 0.5317 (-0.023)
  vs v6 NAM Phase-1  (0.498): 0.5317 (+0.034)
  vs v5 NAM baseline (0.540): 0.5317 (-0.008)

Per-class metrics (NAM v6 final, mean across seeds):
       precision  recall  f1-score    auc  support
nv        0.9119  0.6268    0.7429 0.8579     1337
mel       0.2793  0.4587    0.3472 0.7624      218
bkl       0.4109  0.3807    0.3952 0.7996      218
bcc       0.3077  0.4800    0.3750 0.8693      100
akiec     0.1917  0.5968    0.2902 0.8769       62
vasc      0.3934  0.7500    0.5161 0.9761       32
df        0.1132  0.4286    0.1791 0.8649       28

Confusion matrix (row-normalised, seed-mean):
       akiec    bcc    bkl     df    mel     nv   vasc
akiec  0.597  0.113  0.145  0.032  0.048  0.032  0.032
bcc    0.140  0.480  0.060  0.090  0.090  0.070  0.070
bkl    0.174  0.087  0.381  0.028  0.206  0.115  0.009
df     0.071  0.036  0.071  0.429  0.036  0.250  0.107
mel    0.133  0.060  0.128  0.028  0.459  0.174  0.018
nv     0.055  0.048  0.055  0.053  0.148  0.627  0.014
vasc   0.000  0.125  0.000  0.000  0.062  0.062  0.750

Outputs -> results\sparsity_sweep\cold_conc\lambda_0.01/

Done.
