WARNING: CUDA not available — training on CPU. Expect ~15-25 min per seed.

=================================================================
Selected config 9 (multi-seed sweep winner)
  hidden_dims  : [64, 32]
  dropout      : 0.1
  weight_decay : 1e-05
  single-seed val balacc  : 0.6155
  single-seed test balacc : 0.5353
=================================================================

Loading features...
Loading splits...
Carving validation set (GroupShuffleSplit 80/20 by lesion_id)...
  train_final :  6429 images
  val         :  1591 images
  test        :  1995 images
Standardising (z-score, fit on train_final)...
  Class weights (balanced): {'akiec': np.float64(4.353), 'bcc': np.float64(2.766), 'bkl': np.float64(1.339), 'df': np.float64(12.085), 'mel': np.float64(1.262), 'nv': np.float64(0.213), 'vasc': np.float64(10.093)}

=================================================================
NAM v6 final training — 1 seeds
  Winning config: hidden=[64, 32], dropout=0.1, wd=1e-05
  lr=0.001 (ReduceLROnPlateau patience=5 factor=0.5)
  batch=256  max_epochs=100  patience=15
  class_weight='balanced'
=================================================================

-- Seed 42 ---------------------------------------------
  Epoch  10 | train_loss=2.0060 val_loss=1.3003 val_balacc=0.5489 lr=1.00e-03
  Epoch  20 | train_loss=1.9247 val_loss=1.3089 val_balacc=0.5324 lr=5.00e-04
  Epoch  30 | train_loss=1.8950 val_loss=1.2904 val_balacc=0.5593 lr=2.50e-04
  Early stop at epoch 34 (best epoch 19, val_balacc=0.5680)
  Test  bal_acc=0.4926  macro_f1=0.3381  AUC=0.7804  R_perp_val@best=0.1029

==== NAM v6 Final Training (BiomedCLIP v6 features, 24 concepts) ====

Sweep winner: config 9
  hidden_dims  : [64, 32]
  dropout      : 0.1
  weight_decay : 1e-05
  sweep val balacc (seed 42) : 0.6155

Trained 1 seeds with fixed lr=0.001, batch=256,
  max_epochs=100, patience=15,
  ReduceLROnPlateau(patience=5, factor=0.5)

Concurvity regularization (Siems et al. 2023, arXiv:2305.11475):
  lambda = 10.0
  Objective: L_total = L_task + 10.0 * R_perp
  R_perp = (1/K) * sum_k  mean_{i<j} |Corr(f_{i,k}(X_i), f_{j,k}(X_j))|
  (multiclass avg over K=7 classes; Pearson corr over batch dim)

Test-set results (mean +/- std across seeds):
  Balanced accuracy            : 0.4926 +/- nan
  Macro F1                     : 0.3381 +/- nan
  Weighted F1                  : 0.5346 +/- nan
  Top-1 accuracy               : 0.4792 +/- nan
  Multiclass AUC (OvR weighted): 0.7804 +/- nan

Concurvity diagnostics (at best-val epoch, mean +/- std across seeds):
  R_perp val  : 0.1029 +/- nan
  R_perp train: 0.0628 +/- nan

Three-way comparison:
  vs v6 LR baseline  (0.555): 0.4926 (-0.062)
  vs v6 NAM Phase-1  (0.498): 0.4926 (-0.005)
  vs v5 NAM baseline (0.540): 0.4926 (-0.047)

Per-class metrics (NAM v6 final, mean across seeds):
       precision  recall  f1-score    auc  support
nv        0.8813  0.4996    0.6377 0.7858     1337
mel       0.2512  0.4633    0.3258 0.7112      218
bkl       0.4293  0.3899    0.4087 0.7892      218
bcc       0.1648  0.2900    0.2101 0.7333      100
akiec     0.1777  0.5645    0.2703 0.8384       62
vasc      0.2549  0.8125    0.3881 0.9727       32
df        0.0741  0.4286    0.1263 0.8135       28

Confusion matrix (row-normalised, seed-mean):
       akiec    bcc    bkl     df    mel     nv   vasc
akiec  0.565  0.145  0.129  0.016  0.032  0.081  0.032
bcc    0.260  0.290  0.100  0.080  0.060  0.110  0.100
bkl    0.106  0.147  0.390  0.018  0.179  0.156  0.005
df     0.143  0.071  0.071  0.429  0.036  0.143  0.107
mel    0.110  0.083  0.147  0.018  0.463  0.156  0.023
nv     0.064  0.064  0.046  0.098  0.188  0.500  0.041
vasc   0.000  0.000  0.000  0.062  0.062  0.062  0.812

Outputs -> reports\nam\v6_concurvity_sweep\lambda_10.0/

Done.
