WARNING: CUDA not available — running on CPU. Expect ~10–30 min total on this hardware.
Loading data...
  train:  6429  val:  1591  test:  1995
Loading sweep hyperparams (config 9)...
  hidden=[64, 32]  dropout=0.1  wd=1e-05
[dense] Training dense model (seed=43, concurvity_lambda=0.0) ...
[dense] Early stop at epoch 37  best val_balacc=0.6046
[dense] Done.  val_balacc=0.6046  val_auc=0.8618  ckpt=results/sparsity_sweep/warm_noconc\dense_seed43_conc0p0_ep100.pt
[path]  Lambda schedule: 83 steps  1.000e-02 → 9.489e+02
  step  10  lambda=3.5179e-02  n_active=24  val_balacc=0.5981  val_auc=0.8628  epochs=25
  step  20  lambda=1.4232e-01  n_active=24  val_balacc=0.5586  val_auc=0.8600  epochs=11
  step  30  lambda=5.7575e-01  n_active=24  val_balacc=0.5688  val_auc=0.8570  epochs=14
  step  40  lambda=2.3292e+00  n_active=24  val_balacc=0.5915  val_auc=0.8631  epochs=41
  step  48  lambda=7.1252e+00  n_active=22  val_balacc=0.5834  val_auc=0.8489  epochs=12  ELIMINATED: ['border_irregularity', 'regression_structures']
  step  50  lambda=9.4231e+00  n_active=20  val_balacc=0.5544  val_auc=0.8407  epochs=11  ELIMINATED: ['irregular_dots_globules', 'symmetric_uniform']
  step  51  lambda=1.0837e+01  n_active=18  val_balacc=0.5489  val_auc=0.8409  epochs=11  ELIMINATED: ['strawberry_pattern', 'healthy_skin']
  step  53  lambda=1.4331e+01  n_active=16  val_balacc=0.5415  val_auc=0.8297  epochs=11  ELIMINATED: ['blue_white_veil', 'irregular_streaks']
  step  54  lambda=1.6481e+01  n_active=15  val_balacc=0.5414  val_auc=0.8227  epochs=11  ELIMINATED: ['atypical_vascular_pattern']
  step  55  lambda=1.8953e+01  n_active=14  val_balacc=0.5124  val_auc=0.8070  epochs=12  ELIMINATED: ['irregular_pigmentation']
  step  56  lambda=2.1796e+01  n_active=13  val_balacc=0.5316  val_auc=0.8036  epochs=12  ELIMINATED: ['arborizing_vessels']
  step  57  lambda=2.5066e+01  n_active=10  val_balacc=0.5014  val_auc=0.7830  epochs=11  ELIMINATED: ['atypical_pigment_network', 'blue_grey_ovoid_nests', 'ulceration']
  step  58  lambda=2.8826e+01  n_active= 9  val_balacc=0.5099  val_auc=0.7588  epochs=11  ELIMINATED: ['cerebriform_surface']
  step  59  lambda=3.3149e+01  n_active= 4  val_balacc=0.3480  val_auc=0.6592  epochs=11  ELIMINATED: ['asymmetry', 'diameter_large', 'milia_like_cysts', 'comedo_like_openings', 'red_lacunae']
  step  60  lambda=3.8122e+01  n_active= 1  val_balacc=0.2142  val_auc=0.6077  epochs=11  ELIMINATED: ['colour_variation', 'scaly_surface', 'central_white_patch']
  step  61  lambda=4.3840e+01  n_active= 0  val_balacc=0.1429  val_auc=0.5000  epochs=11  ELIMINATED: ['reticular_network']
[path]  All 24 subnets zeroed at lambda=4.3840e+01. Stopping.
[plot]  Saved: results/sparsity_sweep/warm_noconc\path_seed43.png

--------------------------------------------------------------------------------
  Regularization path — subsample (seed=43, 61 total steps)
  Dense baseline: val_balacc=0.6046  val_auc=0.8618
--------------------------------------------------------------------------------
      lambda  n_active  val_bal_acc   val_auc  concepts_just_eliminated
--------------------------------------------------------------------------------
  1.0000e-02        24       0.5974    0.8622  
  1.5209e-02        24       0.6046    0.8642  
  2.3131e-02        24       0.6064    0.8637  
  3.5179e-02        24       0.5981    0.8628  
  6.1528e-02        24       0.5905    0.8577  
  9.3576e-02        24       0.5857    0.8595  
  1.4232e-01        24       0.5586    0.8600  
  2.1645e-01        24       0.5908    0.8589  
  3.2919e-01        24       0.5493    0.8589  
  5.0066e-01        24       0.5784    0.8564  
  8.7565e-01        24       0.5844    0.8581  
  1.3318e+00        24       0.5822    0.8604  
  2.0254e+00        24       0.5974    0.8606  
  3.0804e+00        24       0.5906    0.8641  
  4.6850e+00        24       0.5977    0.8583  
  7.1252e+00        22       0.5834    0.8489  border_irregularity, regression_structures
  1.2462e+01        18       0.5503    0.8347  
  1.8953e+01        14       0.5124    0.8070  irregular_pigmentation
  2.8826e+01         9       0.5099    0.7588  cerebriform_surface
  4.3840e+01         0       0.1429    0.5000  reticular_network
--------------------------------------------------------------------------------

Elimination order (24 of 24 concepts dropped):
order        lambda  concept
----------------------------------------
    1    7.1252e+00  border_irregularity
    2    7.1252e+00  regression_structures
    3    9.4231e+00  irregular_dots_globules
    4    9.4231e+00  symmetric_uniform
    5    1.0837e+01  strawberry_pattern
    6    1.0837e+01  healthy_skin
    7    1.4331e+01  blue_white_veil
    8    1.4331e+01  irregular_streaks
    9    1.6481e+01  atypical_vascular_pattern
   10    1.8953e+01  irregular_pigmentation
   11    2.1796e+01  arborizing_vessels
   12    2.5066e+01  atypical_pigment_network
   13    2.5066e+01  blue_grey_ovoid_nests
   14    2.5066e+01  ulceration
   15    2.8826e+01  cerebriform_surface
   16    3.3149e+01  asymmetry
   17    3.3149e+01  diameter_large
   18    3.3149e+01  milia_like_cysts
   19    3.3149e+01  comedo_like_openings
   20    3.3149e+01  red_lacunae
   21    3.8122e+01  colour_variation
   22    3.8122e+01  scaly_surface
   23    3.8122e+01  central_white_patch
   24    4.3840e+01  reticular_network

Done. All outputs under results/sparsity_sweep/warm_noconc/
