WARNING: CUDA not available — running on CPU. Expect ~10–30 min total on this hardware.
Loading data...
  train:  6429  val:  1591  test:  1995
Loading sweep hyperparams (config 9)...
  hidden=[64, 32]  dropout=0.1  wd=1e-05
[dense] Training dense model (seed=46, concurvity_lambda=0.0) ...
[dense] Early stop at epoch 50  best val_balacc=0.6080
[dense] Done.  val_balacc=0.6080  val_auc=0.8564  ckpt=results/sparsity_sweep/warm_noconc\dense_seed46_conc0p0_ep100.pt
[path]  Lambda schedule: 83 steps  1.000e-02 → 9.489e+02
  step  10  lambda=3.5179e-02  n_active=24  val_balacc=0.6037  val_auc=0.8630  epochs=12
  step  20  lambda=1.4232e-01  n_active=24  val_balacc=0.5748  val_auc=0.8594  epochs=30
  step  30  lambda=5.7575e-01  n_active=24  val_balacc=0.5661  val_auc=0.8580  epochs=20
  step  40  lambda=2.3292e+00  n_active=24  val_balacc=0.6031  val_auc=0.8617  epochs=37
  step  48  lambda=7.1252e+00  n_active=22  val_balacc=0.5716  val_auc=0.8474  epochs=13  ELIMINATED: ['irregular_dots_globules', 'regression_structures']
  step  49  lambda=8.1940e+00  n_active=21  val_balacc=0.5625  val_auc=0.8419  epochs=11  ELIMINATED: ['border_irregularity']
  step  50  lambda=9.4231e+00  n_active=20  val_balacc=0.5584  val_auc=0.8402  epochs=11  ELIMINATED: ['healthy_skin']
  step  51  lambda=1.0837e+01  n_active=17  val_balacc=0.5605  val_auc=0.8342  epochs=16  ELIMINATED: ['atypical_vascular_pattern', 'irregular_streaks', 'strawberry_pattern']
  step  52  lambda=1.2462e+01  n_active=16  val_balacc=0.5560  val_auc=0.8306  epochs=11  ELIMINATED: ['symmetric_uniform']
  step  54  lambda=1.6481e+01  n_active=14  val_balacc=0.5490  val_auc=0.8203  epochs=12  ELIMINATED: ['blue_white_veil', 'irregular_pigmentation']
  step  55  lambda=1.8953e+01  n_active=13  val_balacc=0.5305  val_auc=0.8080  epochs=11  ELIMINATED: ['arborizing_vessels']
  step  56  lambda=2.1796e+01  n_active=12  val_balacc=0.5251  val_auc=0.7896  epochs=11  ELIMINATED: ['blue_grey_ovoid_nests']
  step  57  lambda=2.5066e+01  n_active=11  val_balacc=0.5187  val_auc=0.7924  epochs=11  ELIMINATED: ['ulceration']
  step  58  lambda=2.8826e+01  n_active= 9  val_balacc=0.5032  val_auc=0.7540  epochs=11  ELIMINATED: ['atypical_pigment_network', 'cerebriform_surface']
  step  59  lambda=3.3149e+01  n_active= 5  val_balacc=0.3620  val_auc=0.6829  epochs=11  ELIMINATED: ['colour_variation', 'diameter_large', 'milia_like_cysts', 'central_white_patch']
  step  60  lambda=3.8122e+01  n_active= 1  val_balacc=0.2059  val_auc=0.6084  epochs=11  ELIMINATED: ['asymmetry', 'scaly_surface', 'comedo_like_openings', 'red_lacunae']
  step  61  lambda=4.3840e+01  n_active= 0  val_balacc=0.1429  val_auc=0.5000  epochs=11  ELIMINATED: ['reticular_network']
[path]  All 24 subnets zeroed at lambda=4.3840e+01. Stopping.
[plot]  Saved: results/sparsity_sweep/warm_noconc\path_seed46.png

--------------------------------------------------------------------------------
  Regularization path — subsample (seed=46, 61 total steps)
  Dense baseline: val_balacc=0.6080  val_auc=0.8564
--------------------------------------------------------------------------------
      lambda  n_active  val_bal_acc   val_auc  concepts_just_eliminated
--------------------------------------------------------------------------------
  1.0000e-02        24       0.5821    0.8627  
  1.5209e-02        24       0.6123    0.8616  
  2.3131e-02        24       0.5986    0.8624  
  3.5179e-02        24       0.6037    0.8630  
  6.1528e-02        24       0.6007    0.8610  
  9.3576e-02        24       0.5871    0.8574  
  1.4232e-01        24       0.5748    0.8594  
  2.1645e-01        24       0.5559    0.8578  
  3.2919e-01        24       0.5676    0.8584  
  5.0066e-01        24       0.5684    0.8581  
  8.7565e-01        24       0.5668    0.8583  
  1.3318e+00        24       0.5517    0.8569  
  2.0254e+00        24       0.5988    0.8601  
  3.0804e+00        24       0.5998    0.8605  
  4.6850e+00        24       0.5954    0.8576  
  7.1252e+00        22       0.5716    0.8474  irregular_dots_globules, regression_structures
  1.2462e+01        16       0.5560    0.8306  symmetric_uniform
  1.8953e+01        13       0.5305    0.8080  arborizing_vessels
  2.8826e+01         9       0.5032    0.7540  atypical_pigment_network, cerebriform_surface
  4.3840e+01         0       0.1429    0.5000  reticular_network
--------------------------------------------------------------------------------

Elimination order (24 of 24 concepts dropped):
order        lambda  concept
----------------------------------------
    1    7.1252e+00  irregular_dots_globules
    2    7.1252e+00  regression_structures
    3    8.1940e+00  border_irregularity
    4    9.4231e+00  healthy_skin
    5    1.0837e+01  atypical_vascular_pattern
    6    1.0837e+01  irregular_streaks
    7    1.0837e+01  strawberry_pattern
    8    1.2462e+01  symmetric_uniform
    9    1.6481e+01  blue_white_veil
   10    1.6481e+01  irregular_pigmentation
   11    1.8953e+01  arborizing_vessels
   12    2.1796e+01  blue_grey_ovoid_nests
   13    2.5066e+01  ulceration
   14    2.8826e+01  atypical_pigment_network
   15    2.8826e+01  cerebriform_surface
   16    3.3149e+01  colour_variation
   17    3.3149e+01  diameter_large
   18    3.3149e+01  milia_like_cysts
   19    3.3149e+01  central_white_patch
   20    3.8122e+01  asymmetry
   21    3.8122e+01  scaly_surface
   22    3.8122e+01  comedo_like_openings
   23    3.8122e+01  red_lacunae
   24    4.3840e+01  reticular_network

Done. All outputs under results/sparsity_sweep/warm_noconc/
