WARNING: CUDA not available — training on CPU. Expect ~15-25 min per seed.

=================================================================
Selected config 9 (multi-seed sweep winner)
  hidden_dims  : [64, 32]
  dropout      : 0.1
  weight_decay : 1e-05
  single-seed val balacc  : 0.6155
  single-seed test balacc : 0.5353
=================================================================

Loading features...
Loading splits...
Carving validation set (GroupShuffleSplit 80/20 by lesion_id)...
  train_final :  6429 images
  val         :  1591 images
  test        :  1995 images
Standardising (z-score, fit on train_final)...
  Class weights (balanced): {'akiec': np.float64(4.353), 'bcc': np.float64(2.766), 'bkl': np.float64(1.339), 'df': np.float64(12.085), 'mel': np.float64(1.262), 'nv': np.float64(0.213), 'vasc': np.float64(10.093)}

=================================================================
NAM v6 final training — 1 seeds
  Winning config: hidden=[64, 32], dropout=0.1, wd=1e-05
  lr=0.001 (ReduceLROnPlateau patience=5 factor=0.5)
  batch=256  max_epochs=100  patience=15
  class_weight='balanced'
  concurvity_lambda=0.0  sparsity_lambda=0.1  proximal_sparsity=True
=================================================================

-- Seed 42 ---------------------------------------------
  Epoch  10 | train_loss=1.2041 val_loss=1.1904 val_balacc=0.5614 lr=1.00e-03 | R_perp=0.3216 R_sparse=175.048904
  Epoch  20 | train_loss=1.1334 val_loss=1.1650 val_balacc=0.5843 lr=5.00e-04 | R_perp=0.3206 R_sparse=174.518012
  Epoch  30 | train_loss=1.0947 val_loss=1.1548 val_balacc=0.5979 lr=5.00e-04 | R_perp=0.3229 R_sparse=174.558638
  Epoch  40 | train_loss=1.0577 val_loss=1.1629 val_balacc=0.6009 lr=1.25e-04 | R_perp=0.3210 R_sparse=174.650750
  Early stop at epoch 42 (best epoch 27, val_balacc=0.6152)
  Feature selection: 24/24 concepts active (group_norm >= 0.0001)
  Test  bal_acc=0.5376  macro_f1=0.4212  AUC=0.8578  R_perp_val@best=0.3195  R_sparse@best=174.516015

==== NAM v6 Final Training (BiomedCLIP v6 features, 24 concepts) ====

Sweep winner: config 9
  hidden_dims  : [64, 32]
  dropout      : 0.1
  weight_decay : 1e-05
  sweep val balacc (seed 42) : 0.6155

Trained 1 seeds with fixed lr=0.001, batch=256,
  max_epochs=100, patience=15,
  ReduceLROnPlateau(patience=5, factor=0.5)

Regularization:
  Objective: L_total = L_task + 0.0 * R_perp + 0.1 * R_sparse
  Concurvity (Siems et al. 2023, arXiv:2305.11475, NeurIPS 2023):
    lambda_concurvity = 0.0
    R_perp = (1/K) * sum_k  mean_{i<j} |Corr(f_{i,k}(X_i), f_{j,k}(X_j))|
    (multiclass avg over K=7 classes; Pearson corr over batch dim)
  Group LASSO sparsity (Xu et al. 2022, arXiv:2202.12482, ICLR 2022):
    lambda_sparsity = 0.1
    R_sparse = sum_{i=1}^{p} ||theta_i||_2  (L2 norm of each sub-network group)
    zero_threshold = 0.0001
    Sparsity method: proximal gradient descent — exact group zeroing (Xu et al. 2022)

Test-set results (mean +/- std across seeds):
  Balanced accuracy            : 0.5376 +/- nan
  Macro F1                     : 0.4212 +/- nan
  Weighted F1                  : 0.6356 +/- nan
  Top-1 accuracy               : 0.5935 +/- nan
  Multiclass AUC (OvR weighted): 0.8578 +/- nan

Regularization diagnostics (at best-val epoch, mean +/- std across seeds):
  R_perp val   : 0.3195 +/- nan
  R_perp train : 0.3270 +/- nan
  R_sparse train: 174.516015 +/- nan

Three-way comparison:
  vs v6 LR baseline  (0.555): 0.5376 (-0.017)
  vs v6 NAM Phase-1  (0.498): 0.5376 (+0.040)
  vs v5 NAM baseline (0.540): 0.5376 (-0.002)

Per-class metrics (NAM v6 final, mean across seeds):
       precision  recall  f1-score    auc  support
nv        0.9216  0.6507    0.7628 0.8742     1337
mel       0.2806  0.4633    0.3495 0.7660      218
bkl       0.4128  0.4128    0.4128 0.8011      218
bcc       0.3333  0.5000    0.4000 0.8977      100
akiec     0.2229  0.6290    0.3291 0.8911       62
vasc      0.4000  0.7500    0.5217 0.9758       32
df        0.1136  0.3571    0.1724 0.8745       28

Confusion matrix (row-normalised, seed-mean):
       akiec    bcc    bkl     df    mel     nv   vasc
akiec  0.629  0.113  0.145  0.032  0.032  0.032  0.016
bcc    0.170  0.500  0.060  0.080  0.070  0.070  0.050
bkl    0.142  0.087  0.413  0.023  0.216  0.110  0.009
df     0.179  0.036  0.071  0.357  0.036  0.179  0.143
mel    0.124  0.069  0.142  0.028  0.463  0.156  0.018
nv     0.042  0.040  0.060  0.043  0.150  0.651  0.015
vasc   0.000  0.125  0.000  0.000  0.062  0.062  0.750

Outputs -> results\sparsity_sweep\cold_noconc\lambda_0.1/

Done.
