WARNING: CUDA not available — training on CPU. Expect ~15-25 min per seed.

=================================================================
Selected config 9 (multi-seed sweep winner)
  hidden_dims  : [64, 32]
  dropout      : 0.1
  weight_decay : 1e-05
  single-seed val balacc  : 0.6155
  single-seed test balacc : 0.5353
=================================================================

Loading features...
Loading splits...
Carving validation set (GroupShuffleSplit 80/20 by lesion_id)...
  train_final :  6429 images
  val         :  1591 images
  test        :  1995 images
Standardising (z-score, fit on train_final)...
  Class weights (balanced): {'akiec': np.float64(4.353), 'bcc': np.float64(2.766), 'bkl': np.float64(1.339), 'df': np.float64(12.085), 'mel': np.float64(1.262), 'nv': np.float64(0.213), 'vasc': np.float64(10.093)}

=================================================================
NAM v6 final training — 1 seeds
  Winning config: hidden=[64, 32], dropout=0.1, wd=1e-05
  lr=0.001 (ReduceLROnPlateau patience=5 factor=0.5)
  batch=256  max_epochs=100  patience=15
  class_weight='balanced'
  concurvity_lambda=0.0  sparsity_lambda=0.01  proximal_sparsity=True
=================================================================

-- Seed 42 ---------------------------------------------
  Epoch  10 | train_loss=1.2030 val_loss=1.1907 val_balacc=0.5729 lr=1.00e-03 | R_perp=0.3232 R_sparse=175.573697
  Epoch  20 | train_loss=1.1413 val_loss=1.2073 val_balacc=0.5474 lr=1.00e-03 | R_perp=0.3201 R_sparse=175.523078
  Epoch  30 | train_loss=1.0966 val_loss=1.1553 val_balacc=0.5966 lr=1.00e-03 | R_perp=0.3198 R_sparse=176.122094
  Epoch  40 | train_loss=1.0394 val_loss=1.1578 val_balacc=0.6057 lr=2.50e-04 | R_perp=0.3196 R_sparse=176.732883
  Early stop at epoch 42 (best epoch 27, val_balacc=0.6154)
  Feature selection: 24/24 concepts active (group_norm >= 0.0001)
  Test  bal_acc=0.5387  macro_f1=0.4313  AUC=0.8590  R_perp_val@best=0.3161  R_sparse@best=175.863716

==== NAM v6 Final Training (BiomedCLIP v6 features, 24 concepts) ====

Sweep winner: config 9
  hidden_dims  : [64, 32]
  dropout      : 0.1
  weight_decay : 1e-05
  sweep val balacc (seed 42) : 0.6155

Trained 1 seeds with fixed lr=0.001, batch=256,
  max_epochs=100, patience=15,
  ReduceLROnPlateau(patience=5, factor=0.5)

Regularization:
  Objective: L_total = L_task + 0.0 * R_perp + 0.01 * R_sparse
  Concurvity (Siems et al. 2023, arXiv:2305.11475, NeurIPS 2023):
    lambda_concurvity = 0.0
    R_perp = (1/K) * sum_k  mean_{i<j} |Corr(f_{i,k}(X_i), f_{j,k}(X_j))|
    (multiclass avg over K=7 classes; Pearson corr over batch dim)
  Group LASSO sparsity (Xu et al. 2022, arXiv:2202.12482, ICLR 2022):
    lambda_sparsity = 0.01
    R_sparse = sum_{i=1}^{p} ||theta_i||_2  (L2 norm of each sub-network group)
    zero_threshold = 0.0001
    Sparsity method: proximal gradient descent — exact group zeroing (Xu et al. 2022)

Test-set results (mean +/- std across seeds):
  Balanced accuracy            : 0.5387 +/- nan
  Macro F1                     : 0.4313 +/- nan
  Weighted F1                  : 0.6503 +/- nan
  Top-1 accuracy               : 0.6145 +/- nan
  Multiclass AUC (OvR weighted): 0.8590 +/- nan

Regularization diagnostics (at best-val epoch, mean +/- std across seeds):
  R_perp val   : 0.3161 +/- nan
  R_perp train : 0.3256 +/- nan
  R_sparse train: 175.863716 +/- nan

Three-way comparison:
  vs v6 LR baseline  (0.555): 0.5387 (-0.016)
  vs v6 NAM Phase-1  (0.498): 0.5387 (+0.041)
  vs v5 NAM baseline (0.540): 0.5387 (-0.001)

Per-class metrics (NAM v6 final, mean across seeds):
       precision  recall  f1-score    auc  support
nv        0.9162  0.6791    0.7801 0.8759     1337
mel       0.3136  0.4128    0.3564 0.7673      218
bkl       0.3915  0.4633    0.4244 0.8014      218
bcc       0.3207  0.5900    0.4155 0.8947      100
akiec     0.2384  0.5806    0.3380 0.8912       62
vasc      0.3860  0.6875    0.4944 0.9767       32
df        0.1493  0.3571    0.2105 0.8770       28

Confusion matrix (row-normalised, seed-mean):
       akiec    bcc    bkl     df    mel     nv   vasc
akiec  0.581  0.161  0.177  0.016  0.016  0.032  0.016
bcc    0.140  0.590  0.060  0.060  0.040  0.060  0.050
bkl    0.124  0.110  0.463  0.018  0.161  0.115  0.009
df     0.143  0.036  0.071  0.357  0.036  0.214  0.143
mel    0.101  0.078  0.165  0.028  0.413  0.193  0.023
nv     0.036  0.051  0.076  0.030  0.114  0.679  0.013
vasc   0.000  0.156  0.000  0.000  0.094  0.062  0.688

Outputs -> results\sparsity_sweep\cold_noconc\lambda_0.01/

Done.
