WARNING: CUDA not available — training on CPU. Expect ~15-25 min per seed.

=================================================================
Selected config 9 (multi-seed sweep winner)
  hidden_dims  : [64, 32]
  dropout      : 0.1
  weight_decay : 1e-05
  single-seed val balacc  : 0.6155
  single-seed test balacc : 0.5353
=================================================================

Loading features...
Loading splits...
Carving validation set (GroupShuffleSplit 80/20 by lesion_id)...
  train_final :  6429 images
  val         :  1591 images
  test        :  1995 images
Standardising (z-score, fit on train_final)...
  Class weights (balanced): {'akiec': np.float64(4.353), 'bcc': np.float64(2.766), 'bkl': np.float64(1.339), 'df': np.float64(12.085), 'mel': np.float64(1.262), 'nv': np.float64(0.213), 'vasc': np.float64(10.093)}

=================================================================
NAM v6 final training — 1 seeds
  Winning config: hidden=[64, 32], dropout=0.1, wd=1e-05
  lr=0.001 (ReduceLROnPlateau patience=5 factor=0.5)
  batch=256  max_epochs=100  patience=15
  class_weight='balanced'
=================================================================

-- Seed 42 ---------------------------------------------
  Epoch  10 | train_loss=1.2271 val_loss=1.1874 val_balacc=0.5748 lr=1.00e-03
  Epoch  20 | train_loss=1.1593 val_loss=1.1700 val_balacc=0.5862 lr=5.00e-04
  Epoch  30 | train_loss=1.1213 val_loss=1.1593 val_balacc=0.5949 lr=5.00e-04
  Epoch  40 | train_loss=1.0837 val_loss=1.1691 val_balacc=0.5877 lr=1.25e-04
  Early stop at epoch 42 (best epoch 27, val_balacc=0.6055)
  Test  bal_acc=0.5271  macro_f1=0.4135  AUC=0.8567  R_perp_val@best=0.2429

==== NAM v6 Final Training (BiomedCLIP v6 features, 24 concepts) ====

Sweep winner: config 9
  hidden_dims  : [64, 32]
  dropout      : 0.1
  weight_decay : 1e-05
  sweep val balacc (seed 42) : 0.6155

Trained 1 seeds with fixed lr=0.001, batch=256,
  max_epochs=100, patience=15,
  ReduceLROnPlateau(patience=5, factor=0.5)

Concurvity regularization (Siems et al. 2023, arXiv:2305.11475):
  lambda = 0.1
  Objective: L_total = L_task + 0.1 * R_perp
  R_perp = (1/K) * sum_k  mean_{i<j} |Corr(f_{i,k}(X_i), f_{j,k}(X_j))|
  (multiclass avg over K=7 classes; Pearson corr over batch dim)

Test-set results (mean +/- std across seeds):
  Balanced accuracy            : 0.5271 +/- nan
  Macro F1                     : 0.4135 +/- nan
  Weighted F1                  : 0.6301 +/- nan
  Top-1 accuracy               : 0.5860 +/- nan
  Multiclass AUC (OvR weighted): 0.8567 +/- nan

Concurvity diagnostics (at best-val epoch, mean +/- std across seeds):
  R_perp val  : 0.2429 +/- nan
  R_perp train: 0.2156 +/- nan

Three-way comparison:
  vs v6 LR baseline  (0.555): 0.5271 (-0.028)
  vs v6 NAM Phase-1  (0.498): 0.5271 (+0.029)
  vs v5 NAM baseline (0.540): 0.5271 (-0.013)

Per-class metrics (NAM v6 final, mean across seeds):
       precision  recall  f1-score    auc  support
nv        0.9218  0.6440    0.7583 0.8730     1337
mel       0.2755  0.4587    0.3442 0.7660      218
bkl       0.4072  0.4128    0.4100 0.8017      218
bcc       0.3197  0.4700    0.3806 0.8947      100
akiec     0.2139  0.5968    0.3149 0.8879       62
vasc      0.4068  0.7500    0.5275 0.9747       32
df        0.1020  0.3571    0.1587 0.8732       28

Confusion matrix (row-normalised, seed-mean):
       akiec    bcc    bkl     df    mel     nv   vasc
akiec  0.597  0.129  0.129  0.048  0.048  0.032  0.016
bcc    0.180  0.470  0.060  0.090  0.080  0.070  0.050
bkl    0.142  0.092  0.413  0.028  0.206  0.110  0.009
df     0.179  0.036  0.071  0.357  0.036  0.179  0.143
mel    0.124  0.069  0.147  0.032  0.459  0.151  0.018
nv     0.041  0.039  0.062  0.047  0.153  0.644  0.014
vasc   0.000  0.125  0.000  0.000  0.062  0.062  0.750

Outputs -> reports\nam\v6_concurvity_sweep\lambda_0.1/

Done.
