WARNING: CUDA not available — training on CPU. Expect ~15-25 min per seed.

=================================================================
Selected config 9 (multi-seed sweep winner)
  hidden_dims  : [64, 32]
  dropout      : 0.1
  weight_decay : 1e-05
  single-seed val balacc  : 0.6155
  single-seed test balacc : 0.5353
=================================================================

Loading features...
Loading splits...
Carving validation set (GroupShuffleSplit 80/20 by lesion_id)...
  train_final :  6429 images
  val         :  1591 images
  test        :  1995 images
Standardising (z-score, fit on train_final)...
  Class weights (balanced): {'akiec': np.float64(4.353), 'bcc': np.float64(2.766), 'bkl': np.float64(1.339), 'df': np.float64(12.085), 'mel': np.float64(1.262), 'nv': np.float64(0.213), 'vasc': np.float64(10.093)}

=================================================================
NAM v6 final training — 1 seeds
  Winning config: hidden=[64, 32], dropout=0.1, wd=1e-05
  lr=0.001 (ReduceLROnPlateau patience=5 factor=0.5)
  batch=256  max_epochs=100  patience=15
  class_weight='balanced'
  concurvity_lambda=1.0  sparsity_lambda=0.0001  proximal_sparsity=True
=================================================================

-- Seed 42 ---------------------------------------------
  Epoch  10 | train_loss=1.3528 val_loss=1.2046 val_balacc=0.5701 lr=1.00e-03 | R_perp=0.1142 R_sparse=175.699897
  Epoch  20 | train_loss=1.2883 val_loss=1.1936 val_balacc=0.5908 lr=5.00e-04 | R_perp=0.1062 R_sparse=175.527956
  Epoch  30 | train_loss=1.2617 val_loss=1.1901 val_balacc=0.6026 lr=5.00e-04 | R_perp=0.1040 R_sparse=175.681408
  Epoch  40 | train_loss=1.2194 val_loss=1.1968 val_balacc=0.6047 lr=1.25e-04 | R_perp=0.1028 R_sparse=175.840286
  Early stop at epoch 42 (best epoch 27, val_balacc=0.6076)
  Feature selection: 24/24 concepts active (group_norm >= 0.0001)
  Test  bal_acc=0.5181  macro_f1=0.3981  AUC=0.8441  R_perp_val@best=0.1293  R_sparse@best=175.604443

==== NAM v6 Final Training (BiomedCLIP v6 features, 24 concepts) ====

Sweep winner: config 9
  hidden_dims  : [64, 32]
  dropout      : 0.1
  weight_decay : 1e-05
  sweep val balacc (seed 42) : 0.6155

Trained 1 seeds with fixed lr=0.001, batch=256,
  max_epochs=100, patience=15,
  ReduceLROnPlateau(patience=5, factor=0.5)

Regularization:
  Objective: L_total = L_task + 1.0 * R_perp + 0.0001 * R_sparse
  Concurvity (Siems et al. 2023, arXiv:2305.11475, NeurIPS 2023):
    lambda_concurvity = 1.0
    R_perp = (1/K) * sum_k  mean_{i<j} |Corr(f_{i,k}(X_i), f_{j,k}(X_j))|
    (multiclass avg over K=7 classes; Pearson corr over batch dim)
  Group LASSO sparsity (Xu et al. 2022, arXiv:2202.12482, ICLR 2022):
    lambda_sparsity = 0.0001
    R_sparse = sum_{i=1}^{p} ||theta_i||_2  (L2 norm of each sub-network group)
    zero_threshold = 0.0001
    Sparsity method: proximal gradient descent — exact group zeroing (Xu et al. 2022)

Test-set results (mean +/- std across seeds):
  Balanced accuracy            : 0.5181 +/- nan
  Macro F1                     : 0.3981 +/- nan
  Weighted F1                  : 0.6149 +/- nan
  Top-1 accuracy               : 0.5699 +/- nan
  Multiclass AUC (OvR weighted): 0.8441 +/- nan

Regularization diagnostics (at best-val epoch, mean +/- std across seeds):
  R_perp val   : 0.1293 +/- nan
  R_perp train : 0.1059 +/- nan
  R_sparse train: 175.604443 +/- nan

Three-way comparison:
  vs v6 LR baseline  (0.555): 0.5181 (-0.037)
  vs v6 NAM Phase-1  (0.498): 0.5181 (+0.020)
  vs v5 NAM baseline (0.540): 0.5181 (-0.022)

Per-class metrics (NAM v6 final, mean across seeds):
       precision  recall  f1-score    auc  support
nv        0.9110  0.6275    0.7431 0.8572     1337
mel       0.2740  0.4450    0.3392 0.7628      218
bkl       0.3942  0.3761    0.3850 0.8009      218
bcc       0.2917  0.4900    0.3657 0.8715      100
akiec     0.2000  0.5806    0.2975 0.8766       62
vasc      0.3750  0.7500    0.5000 0.9779       32
df        0.1000  0.3571    0.1562 0.8664       28

Confusion matrix (row-normalised, seed-mean):
       akiec    bcc    bkl     df    mel     nv   vasc
akiec  0.581  0.129  0.145  0.032  0.048  0.032  0.032
bcc    0.140  0.490  0.070  0.090  0.070  0.070  0.070
bkl    0.165  0.101  0.376  0.023  0.206  0.115  0.014
df     0.107  0.071  0.071  0.357  0.036  0.250  0.107
mel    0.119  0.073  0.138  0.028  0.445  0.179  0.018
nv     0.049  0.050  0.058  0.051  0.149  0.628  0.016
vasc   0.000  0.125  0.000  0.000  0.062  0.062  0.750

Outputs -> results\sparsity_sweep\cold_conc\lambda_0.0001/

Done.
