WARNING: CUDA not available — training on CPU. Expect ~15-25 min per seed.

=================================================================
Selected config 9 (multi-seed sweep winner)
  hidden_dims  : [64, 32]
  dropout      : 0.1
  weight_decay : 1e-05
  single-seed val balacc  : 0.6155
  single-seed test balacc : 0.5353
=================================================================

Loading features...
Loading splits...
Carving validation set (GroupShuffleSplit 80/20 by lesion_id)...
  train_final :  6429 images
  val         :  1591 images
  test        :  1995 images
Standardising (z-score, fit on train_final)...
  Class weights (balanced): {'akiec': np.float64(4.353), 'bcc': np.float64(2.766), 'bkl': np.float64(1.339), 'df': np.float64(12.085), 'mel': np.float64(1.262), 'nv': np.float64(0.213), 'vasc': np.float64(10.093)}

=================================================================
NAM v6 final training — 1 seeds
  Winning config: hidden=[64, 32], dropout=0.1, wd=1e-05
  lr=0.001 (ReduceLROnPlateau patience=5 factor=0.5)
  batch=256  max_epochs=100  patience=15
  class_weight='balanced'
  concurvity_lambda=1.0  sparsity_lambda=30.0  proximal_sparsity=True
=================================================================

-- Seed 42 ---------------------------------------------
  Epoch  10 | train_loss=1.8498 val_loss=1.8162 val_balacc=0.3573 lr=1.00e-03 | R_perp=0.0597 R_sparse=13.114296
  Epoch  20 | train_loss=1.7772 val_loss=1.7723 val_balacc=0.2681 lr=2.50e-04 | R_perp=0.0000 R_sparse=2.692067
  Early stop at epoch 21 (best epoch 6, val_balacc=0.5260)
  Feature selection: 24/24 concepts active (group_norm >= 0.0001)
  Test  bal_acc=0.4552  macro_f1=0.3122  AUC=0.7399  R_perp_val@best=0.1992  R_sparse@best=76.041883

==== NAM v6 Final Training (BiomedCLIP v6 features, 24 concepts) ====

Sweep winner: config 9
  hidden_dims  : [64, 32]
  dropout      : 0.1
  weight_decay : 1e-05
  sweep val balacc (seed 42) : 0.6155

Trained 1 seeds with fixed lr=0.001, batch=256,
  max_epochs=100, patience=15,
  ReduceLROnPlateau(patience=5, factor=0.5)

Regularization:
  Objective: L_total = L_task + 1.0 * R_perp + 30.0 * R_sparse
  Concurvity (Siems et al. 2023, arXiv:2305.11475, NeurIPS 2023):
    lambda_concurvity = 1.0
    R_perp = (1/K) * sum_k  mean_{i<j} |Corr(f_{i,k}(X_i), f_{j,k}(X_j))|
    (multiclass avg over K=7 classes; Pearson corr over batch dim)
  Group LASSO sparsity (Xu et al. 2022, arXiv:2202.12482, ICLR 2022):
    lambda_sparsity = 30.0
    R_sparse = sum_{i=1}^{p} ||theta_i||_2  (L2 norm of each sub-network group)
    zero_threshold = 0.0001
    Sparsity method: proximal gradient descent — exact group zeroing (Xu et al. 2022)

Test-set results (mean +/- std across seeds):
  Balanced accuracy            : 0.4552 +/- nan
  Macro F1                     : 0.3122 +/- nan
  Weighted F1                  : 0.5233 +/- nan
  Top-1 accuracy               : 0.4707 +/- nan
  Multiclass AUC (OvR weighted): 0.7399 +/- nan

Regularization diagnostics (at best-val epoch, mean +/- std across seeds):
  R_perp val   : 0.1992 +/- nan
  R_perp train : 0.1193 +/- nan
  R_sparse train: 76.041883 +/- nan

Three-way comparison:
  vs v6 LR baseline  (0.555): 0.4552 (-0.100)
  vs v6 NAM Phase-1  (0.498): 0.4552 (-0.043)
  vs v5 NAM baseline (0.540): 0.4552 (-0.085)

Per-class metrics (NAM v6 final, mean across seeds):
       precision  recall  f1-score    auc  support
nv        0.8692  0.4921    0.6285 0.7253     1337
mel       0.2319  0.4862    0.3141 0.7086      218
bkl       0.3817  0.4220    0.4009 0.7762      218
bcc       0.2885  0.1500    0.1974 0.7748      100
akiec     0.1724  0.5645    0.2642 0.8461       62
vasc      0.1678  0.7500    0.2743 0.9189       32
df        0.0634  0.3214    0.1059 0.8346       28

Confusion matrix (row-normalised, seed-mean):
       akiec    bcc    bkl     df    mel     nv   vasc
akiec  0.565  0.065  0.194  0.016  0.081  0.048  0.032
bcc    0.160  0.150  0.160  0.110  0.090  0.130  0.200
bkl    0.119  0.037  0.422  0.009  0.229  0.151  0.032
df     0.214  0.000  0.071  0.321  0.036  0.143  0.214
mel    0.069  0.023  0.151  0.018  0.486  0.197  0.055
nv     0.078  0.014  0.064  0.086  0.212  0.492  0.054
vasc   0.031  0.031  0.000  0.000  0.094  0.094  0.750

Outputs -> results\sparsity_sweep\cold_conc\lambda_30/

Done.
